<?xml version="1.0" encoding="UTF-8"?>
<testsuite name="Visa conformation Test"
           tests="7"
           failures="0"
           errors="0"
           skipped="0"
           time="67.242">
  <properties />
  
  
            <testcase name="erifyThatUserShouldLogOutSuccessFully" time="8.135" classname="com.automation.testsuite.SignPageTest" />
                <testcase name="verifyThatUserShouldLogInSuccessFullyWithValidCredentials" time="16.368" classname="com.automation.testsuite.SignPageTest" />
                <testcase name="verifyTheErrorMessageWithInValidCredentials" time="10.042" classname="com.automation.testsuite.SignPageTest" />
                <testcase name="verifyTheErrorMessageWithInValidCredentials" time="10.135" classname="com.automation.testsuite.SignPageTest" />
                <testcase name="verifyTheErrorMessageWithInValidCredentials" time="9.863" classname="com.automation.testsuite.SignPageTest" />
                <testcase name="verifyTheErrorMessageWithInValidCredentials" time="9.676" classname="com.automation.testsuite.SignPageTest" />
                <testcase name="userShouldNavigateToSignInPageSuccessFully" time="3.023" classname="com.automation.testsuite.SignPageTest" />
      
</testsuite>
